*** Using Compiler 'V5.06 update 6 (build 750)', folder: 'C:\Keil_v5\ARM\ARMCC\Bin'
Build target 'Slave'
compiling gpio.c...
compiling io_signal.c...
compiling freertos.c...
compiling L101.c...
compiling io_uart.c...
compiling main.c...
compiling adc.c...
compiling dma.c...
compiling spi.c...
compiling tim.c...
compiling usart.c...
compiling iwdg.c...
compiling stm32f1xx_it.c...
compiling stm32f1xx_hal_msp.c...
compiling at.c...
compiling shell_port.c...
compiling mdrtuslave.c...
..\FreeModBus\Src\mdrtuslave.c(437): warning:  #223-D: function "osDelay" declared implicitly
          osDelay(1);
..\FreeModBus\Src\mdrtuslave.c: 1 warning, 0 errors
compiling shell.c...
linking...
Program Size: Code=37052 RO-data=5052 RW-data=416 ZI-data=19112  
FromELF: creating hex file...
"Slave\Slave.axf" - 0 Error(s), 1 Warning(s).
Build Time Elapsed:  00:00:12
