*** Using Compiler 'V5.06 update 6 (build 750)', folder: 'C:\Keil_v5\ARM\ARMCC\Bin'
Build target 'Master'
compiling freertos.c...
../Core/Src/freertos.c(1276): warning:  #177-D: variable "copy_wbit"  was declared but never referenced
    static mdBit wbit[VX_SIZE], copy_wbit[VX_SIZE];
../Core/Src/freertos.c(1466): warning:  #177-D: variable "bit"  was declared but never referenced
    uint8_t bit = 0;
../Core/Src/freertos.c(1468): warning:  #177-D: variable "value"  was declared but never referenced
    uint16_t value = 0x0000;
../Core/Src/freertos.c(1469): warning:  #177-D: variable "first_flag"  was declared but never referenced
    static bool first_flag = false;
../Core/Src/freertos.c(1470): warning:  #177-D: variable "ps"  was declared but never referenced
    Save_HandleTypeDef *ps = &Save_Flash;
../Core/Src/freertos.c: 5 warnings, 0 errors
linking...
Program Size: Code=92724 RO-data=4200 RW-data=2116 ZI-data=275028  
FromELF: creating hex file...
After Build - User command #1: fromelf --bin --output "Master.bin"  "g:\STM32_Workers\STM32H7\Greenhouse_Control_System\Master\MDK-ARM\Master\Master.axf"
".\Master\Master.axf" - 0 Error(s), 5 Warning(s).
Build Time Elapsed:  00:00:07
