*** Using Compiler 'V5.06 update 6 (build 750)', folder: 'C:\Keil_v5\ARM\ARMCC\Bin'
Build target 'Analog output'
assembling startup_stm32f030x6.s...
compiling Modbus.c...
compiling Mcp4822.c...
compiling io_signal.c...
compiling gpio.c...
compiling main.c...
compiling tool.c...
compiling dma.c...
compiling usart.c...
compiling stm32f0xx_it.c...
compiling spi.c...
compiling iwdg.c...
compiling tim.c...
compiling stm32f0xx_hal_msp.c...
compiling stm32f0xx_hal_rcc.c...
compiling stm32f0xx_hal.c...
compiling stm32f0xx_hal_iwdg.c...
compiling stm32f0xx_hal_i2c.c...
compiling stm32f0xx_hal_rcc_ex.c...
compiling stm32f0xx_hal_i2c_ex.c...
compiling stm32f0xx_hal_dma.c...
compiling stm32f0xx_hal_gpio.c...
compiling stm32f0xx_hal_cortex.c...
compiling stm32f0xx_hal_pwr_ex.c...
compiling stm32f0xx_hal_pwr.c...
compiling stm32f0xx_hal_flash.c...
compiling stm32f0xx_hal_flash_ex.c...
compiling stm32f0xx_hal_exti.c...
compiling stm32f0xx_hal_spi.c...
compiling stm32f0xx_hal_spi_ex.c...
compiling stm32f0xx_hal_tim_ex.c...
compiling stm32f0xx_hal_tim.c...
compiling stm32f0xx_hal_uart_ex.c...
compiling stm32f0xx_hal_uart.c...
compiling system_stm32f0xx.c...
linking...
Program Size: Code=15332 RO-data=340 RW-data=184 ZI-data=2120  
FromELF: creating hex file...
"Analog output\Analog output.axf" - 0 Error(s), 0 Warning(s).
Build Time Elapsed:  00:00:17
