*** Using Compiler 'V5.06 update 6 (build 750)', folder: 'C:\Keil_v5\ARM\ARMCC\Bin'
Build target 'communication1'
compiling lora.c...
compiling freertos.c...
compiling main.c...
compiling io_uart.c...
compiling stm32f0xx_it.c...
compiling croutine.c...
compiling Modbus.c...
compiling event_groups.c...
compiling list.c...
compiling cm_backtrace.c...
compiling at.c...
compiling shell_port.c...
compiling shell.c...
compiling timers.c...
compiling tasks.c...
compiling heap_4.c...
compiling queue.c...
compiling port.c...
compiling cmsis_os.c...
linking...
Program Size: Code=28824 RO-data=4036 RW-data=384 ZI-data=7768  
FromELF: creating hex file...
"communication1\communication1.axf" - 0 Error(s), 0 Warning(s).
Build Time Elapsed:  00:00:08
