*** Using Compiler 'V5.06 update 6 (build 750)', folder: 'C:\Keil_v5\ARM\ARMCC\Bin'
Build target 'Master'
compiling lte.c...
compiling shell_port.c...
compiling dwin.c...
compiling tool.c...
compiling shell.c...
compiling mdrtuslave.c...
compiling dma.c...
compiling gpio.c...
compiling fmc.c...
compiling quadspi.c...
compiling main.c...
compiling freertos.c...
compiling usart.c...
compiling stm32h7xx_hal_msp.c...
compiling Flash.c...
compiling usbd_desc.c...
compiling usb_device.c...
compiling stm32h7xx_it.c...
compiling usbd_cdc_if.c...
compiling usbd_conf.c...
compiling usbd_cdc.c...
compiling usbd_ioreq.c...
compiling usbd_ctlreq.c...
compiling usbd_core.c...
linking...
Program Size: Code=95980 RO-data=4212 RW-data=2280 ZI-data=275000  
FromELF: creating hex file...
After Build - User command #1: fromelf --bin --output "Master.bin"  "g:\STM32_Workers\STM32H7\Greenhouse_Control_System\Master\MDK-ARM\Master\Master.axf"
".\Master\Master.axf" - 0 Error(s), 0 Warning(s).
Build Time Elapsed:  00:01:40
